2023-04-23 09:38:46,888 INFO o.a.j.u.JMeterUtils: Setting Locale to zh_CN_#Hans
2023-04-23 09:38:46,918 INFO o.a.j.u.JMeterUtils: Could not find resources for 'zh_CN_#Hans', using 'zh_CN'
2023-04-23 09:38:46,919 INFO o.a.j.JMeter: Loading user properties from: /Users/zhouzhou/Downloads/apache-jmeter-5.5/bin/user.properties
2023-04-23 09:38:46,920 INFO o.a.j.JMeter: Loading system properties from: /Users/zhouzhou/Downloads/apache-jmeter-5.5/bin/system.properties
2023-04-23 09:38:46,924 INFO o.a.j.JMeter: Copyright (c) 1998-2022 The Apache Software Foundation
2023-04-23 09:38:46,924 INFO o.a.j.JMeter: Version 5.5
2023-04-23 09:38:46,924 INFO o.a.j.JMeter: java.version=11.0.16.1
2023-04-23 09:38:46,924 INFO o.a.j.JMeter: java.vm.name=OpenJDK 64-Bit Server VM
2023-04-23 09:38:46,924 INFO o.a.j.JMeter: os.name=Mac OS X
2023-04-23 09:38:46,924 INFO o.a.j.JMeter: os.arch=aarch64
2023-04-23 09:38:46,924 INFO o.a.j.JMeter: os.version=13.3.1
2023-04-23 09:38:46,924 INFO o.a.j.JMeter: file.encoding=UTF-8
2023-04-23 09:38:46,924 INFO o.a.j.JMeter: java.awt.headless=null
2023-04-23 09:38:46,925 INFO o.a.j.JMeter: Max memory     =4294967296
2023-04-23 09:38:46,925 INFO o.a.j.JMeter: Available Processors =8
2023-04-23 09:38:46,932 INFO o.a.j.JMeter: Default Locale=中文 (简体，中国)
2023-04-23 09:38:46,932 INFO o.a.j.JMeter: JMeter  Locale=中文 (简体，中国)
2023-04-23 09:38:46,932 INFO o.a.j.JMeter: JMeterHome=/Users/zhouzhou/Downloads/apache-jmeter-5.5
2023-04-23 09:38:46,932 INFO o.a.j.JMeter: user.dir  =/Users/zhouzhou/IdeaProjects/redis7_study
2023-04-23 09:38:46,932 INFO o.a.j.JMeter: PWD       =/Users/zhouzhou/IdeaProjects/redis7_study
2023-04-23 09:38:46,933 INFO o.a.j.JMeter: IP: 127.0.0.1 Name: zhouzhoudeMacBook-Air.local FullName: localhost
2023-04-23 09:38:46,945 INFO o.a.j.JMeter: Loaded icon properties from org/apache/jmeter/images/icon.properties
2023-04-23 09:38:47,422 INFO o.a.j.JMeterGuiLauncher: Setting LAF to: com.github.weisj.darklaf.DarkLaf:com.github.weisj.darklaf.theme.DarculaTheme
2023-04-23 09:38:54,163 INFO o.a.j.s.FileServer: Default base='/Users/zhouzhou/IdeaProjects/redis7_study'
2023-04-23 09:38:54,167 INFO o.a.j.g.a.Load: Loading file: /Users/zhouzhou/IdeaProjects/redis7_study/HTTP请求.jmx
2023-04-23 09:38:54,167 INFO o.a.j.s.FileServer: Set new base='/Users/zhouzhou/IdeaProjects/redis7_study'
2023-04-23 09:38:54,278 INFO o.a.j.s.SaveService: Testplan (JMX) version: 2.2. Testlog (JTL) version: 2.2
2023-04-23 09:38:54,290 INFO o.a.j.s.SaveService: Using SaveService properties version 5.0
2023-04-23 09:38:54,291 INFO o.a.j.s.SaveService: Using SaveService properties file encoding UTF-8
2023-04-23 09:38:54,291 INFO o.a.j.s.SaveService: Loading file: /Users/zhouzhou/IdeaProjects/redis7_study/HTTP请求.jmx
2023-04-23 09:38:54,306 INFO o.a.j.p.h.s.HTTPSamplerBase: Parser for text/html is org.apache.jmeter.protocol.http.parser.LagartoBasedHtmlParser
2023-04-23 09:38:54,306 INFO o.a.j.p.h.s.HTTPSamplerBase: Parser for application/xhtml+xml is org.apache.jmeter.protocol.http.parser.LagartoBasedHtmlParser
2023-04-23 09:38:54,306 INFO o.a.j.p.h.s.HTTPSamplerBase: Parser for application/xml is org.apache.jmeter.protocol.http.parser.LagartoBasedHtmlParser
2023-04-23 09:38:54,306 INFO o.a.j.p.h.s.HTTPSamplerBase: Parser for text/xml is org.apache.jmeter.protocol.http.parser.LagartoBasedHtmlParser
2023-04-23 09:38:54,306 INFO o.a.j.p.h.s.HTTPSamplerBase: Parser for text/vnd.wap.wml is org.apache.jmeter.protocol.http.parser.RegexpHTMLParser
2023-04-23 09:38:54,306 INFO o.a.j.p.h.s.HTTPSamplerBase: Parser for text/css is org.apache.jmeter.protocol.http.parser.CssParser
2023-04-23 09:38:54,403 INFO o.a.j.s.SampleResult: Note: Sample TimeStamps are START times
2023-04-23 09:38:54,404 INFO o.a.j.s.SampleResult: sampleresult.default.encoding is set to ISO-8859-1
2023-04-23 09:38:54,404 INFO o.a.j.s.SampleResult: sampleresult.useNanoTime=true
2023-04-23 09:38:54,404 INFO o.a.j.s.SampleResult: sampleresult.nanoThreadSleep=5000
2023-04-23 09:38:54,511 INFO o.a.j.v.ViewResultsFullVisualizer: Add JavaFX to your Java installation if you want to use renderer: org.apache.jmeter.visualizers.RenderInBrowser
2023-04-23 09:38:54,551 INFO o.a.j.s.FileServer: Set new base='/Users/zhouzhou/IdeaProjects/redis7_study'
2023-04-23 09:39:04,907 INFO o.a.j.e.StandardJMeterEngine: Running the test!
2023-04-23 09:39:04,908 INFO o.a.j.s.SampleEvent: List of sample_variables: []
2023-04-23 09:39:04,908 INFO o.a.j.s.SampleEvent: List of sample_variables: []
2023-04-23 09:39:04,911 INFO o.a.j.e.u.CompoundVariable: Note: Function class names must contain the string: '.functions.'
2023-04-23 09:39:04,911 INFO o.a.j.e.u.CompoundVariable: Note: Function class names must not contain the string: '.gui.'
2023-04-23 09:39:05,113 INFO o.a.j.g.u.JMeterMenuBar: setRunning(true, *local*)
2023-04-23 09:39:05,133 INFO o.a.j.e.StandardJMeterEngine: Starting ThreadGroup: 1 : 线程组
2023-04-23 09:39:05,134 INFO o.a.j.e.StandardJMeterEngine: Starting 100 threads for group 线程组.
2023-04-23 09:39:05,134 INFO o.a.j.e.StandardJMeterEngine: Thread will continue on error
2023-04-23 09:39:05,134 INFO o.a.j.t.ThreadGroup: Starting thread group... number=1 threads=100 ramp-up=1 delayedStart=false
2023-04-23 09:39:05,137 INFO o.a.j.t.JMeterThread: Thread started: 线程组 1-1
2023-04-23 09:39:05,148 INFO o.a.j.t.JMeterThread: Thread started: 线程组 1-2
2023-04-23 09:39:05,151 INFO o.a.j.p.h.s.HTTPHCAbstractImpl: Local host = zhouzhoudeMacBook-Air.local
2023-04-23 09:39:05,155 INFO o.a.j.t.ThreadGroup: Started thread group number 1
2023-04-23 09:39:05,156 INFO o.a.j.e.StandardJMeterEngine: All thread groups have been started
2023-04-23 09:39:05,157 INFO o.a.j.p.h.s.HTTPHC4Impl: HTTP request retry count = 0
2023-04-23 09:39:05,159 INFO o.a.j.t.JMeterThread: Thread started: 线程组 1-3
2023-04-23 09:39:05,169 INFO o.a.j.t.JMeterThread: Thread started: 线程组 1-4
2023-04-23 09:39:05,178 INFO o.a.j.t.JMeterThread: Thread started: 线程组 1-5
2023-04-23 09:39:05,188 INFO o.a.j.t.JMeterThread: Thread started: 线程组 1-6
2023-04-23 09:39:05,197 INFO o.a.j.t.JMeterThread: Thread started: 线程组 1-7
2023-04-23 09:39:05,207 INFO o.a.j.t.JMeterThread: Thread started: 线程组 1-8
2023-04-23 09:39:05,218 INFO o.a.j.t.JMeterThread: Thread started: 线程组 1-9
2023-04-23 09:39:05,231 INFO o.a.j.t.JMeterThread: Thread started: 线程组 1-10
2023-04-23 09:39:05,240 INFO o.a.j.t.JMeterThread: Thread started: 线程组 1-11
2023-04-23 09:39:05,248 INFO o.a.j.t.JMeterThread: Thread started: 线程组 1-12
2023-04-23 09:39:05,258 INFO o.a.j.t.JMeterThread: Thread started: 线程组 1-13
2023-04-23 09:39:05,265 INFO o.a.j.t.JMeterThread: Thread started: 线程组 1-14
2023-04-23 09:39:05,278 INFO o.a.j.t.JMeterThread: Thread started: 线程组 1-15
2023-04-23 09:39:05,288 INFO o.a.j.t.JMeterThread: Thread started: 线程组 1-16
2023-04-23 09:39:05,297 INFO o.a.j.t.JMeterThread: Thread started: 线程组 1-17
2023-04-23 09:39:05,306 INFO o.a.j.t.JMeterThread: Thread started: 线程组 1-18
2023-04-23 09:39:05,318 INFO o.a.j.t.JMeterThread: Thread started: 线程组 1-19
2023-04-23 09:39:05,328 INFO o.a.j.t.JMeterThread: Thread started: 线程组 1-20
2023-04-23 09:39:05,339 INFO o.a.j.t.JMeterThread: Thread started: 线程组 1-21
2023-04-23 09:39:05,349 INFO o.a.j.t.JMeterThread: Thread started: 线程组 1-22
2023-04-23 09:39:05,355 INFO o.a.j.t.JMeterThread: Thread started: 线程组 1-23
2023-04-23 09:39:05,366 INFO o.a.j.t.JMeterThread: Thread started: 线程组 1-24
2023-04-23 09:39:05,376 INFO o.a.j.t.JMeterThread: Thread started: 线程组 1-25
2023-04-23 09:39:05,387 INFO o.a.j.t.JMeterThread: Thread started: 线程组 1-26
2023-04-23 09:39:05,399 INFO o.a.j.t.JMeterThread: Thread started: 线程组 1-27
2023-04-23 09:39:05,410 INFO o.a.j.t.JMeterThread: Thread started: 线程组 1-28
2023-04-23 09:39:05,414 INFO o.a.j.t.JMeterThread: Thread started: 线程组 1-29
2023-04-23 09:39:05,429 INFO o.a.j.t.JMeterThread: Thread started: 线程组 1-30
2023-04-23 09:39:05,439 INFO o.a.j.t.JMeterThread: Thread started: 线程组 1-31
2023-04-23 09:39:05,449 INFO o.a.j.t.JMeterThread: Thread started: 线程组 1-32
2023-04-23 09:39:05,458 INFO o.a.j.t.JMeterThread: Thread started: 线程组 1-33
2023-04-23 09:39:05,469 INFO o.a.j.t.JMeterThread: Thread started: 线程组 1-34
2023-04-23 09:39:05,477 INFO o.a.j.t.JMeterThread: Thread started: 线程组 1-35
2023-04-23 09:39:05,490 INFO o.a.j.t.JMeterThread: Thread started: 线程组 1-36
2023-04-23 09:39:05,499 INFO o.a.j.t.JMeterThread: Thread started: 线程组 1-37
2023-04-23 09:39:05,504 INFO o.a.j.t.JMeterThread: Thread started: 线程组 1-38
2023-04-23 09:39:05,518 INFO o.a.j.t.JMeterThread: Thread started: 线程组 1-39
2023-04-23 09:39:05,529 INFO o.a.j.t.JMeterThread: Thread started: 线程组 1-40
2023-04-23 09:39:05,538 INFO o.a.j.t.JMeterThread: Thread started: 线程组 1-41
2023-04-23 09:39:05,547 INFO o.a.j.t.JMeterThread: Thread started: 线程组 1-42
2023-04-23 09:39:05,557 INFO o.a.j.t.JMeterThread: Thread started: 线程组 1-43
2023-04-23 09:39:05,569 INFO o.a.j.t.JMeterThread: Thread started: 线程组 1-44
2023-04-23 09:39:05,578 INFO o.a.j.t.JMeterThread: Thread started: 线程组 1-45
2023-04-23 09:39:05,587 INFO o.a.j.t.JMeterThread: Thread started: 线程组 1-46
2023-04-23 09:39:05,599 INFO o.a.j.t.JMeterThread: Thread started: 线程组 1-47
2023-04-23 09:39:05,606 INFO o.a.j.t.JMeterThread: Thread started: 线程组 1-48
2023-04-23 09:39:05,619 INFO o.a.j.t.JMeterThread: Thread started: 线程组 1-49
2023-04-23 09:39:05,627 INFO o.a.j.t.JMeterThread: Thread started: 线程组 1-50
2023-04-23 09:39:05,635 INFO o.a.j.t.JMeterThread: Thread started: 线程组 1-51
2023-04-23 09:39:05,647 INFO o.a.j.t.JMeterThread: Thread started: 线程组 1-52
2023-04-23 09:39:05,658 INFO o.a.j.t.JMeterThread: Thread started: 线程组 1-53
2023-04-23 09:39:05,669 INFO o.a.j.t.JMeterThread: Thread started: 线程组 1-54
2023-04-23 09:39:05,675 INFO o.a.j.t.JMeterThread: Thread started: 线程组 1-55
2023-04-23 09:39:05,689 INFO o.a.j.t.JMeterThread: Thread started: 线程组 1-56
2023-04-23 09:39:05,698 INFO o.a.j.t.JMeterThread: Thread started: 线程组 1-57
2023-04-23 09:39:05,706 INFO o.a.j.t.JMeterThread: Thread started: 线程组 1-58
2023-04-23 09:39:05,717 INFO o.a.j.t.JMeterThread: Thread started: 线程组 1-59
2023-04-23 09:39:05,727 INFO o.a.j.t.JMeterThread: Thread started: 线程组 1-60
2023-04-23 09:39:05,735 INFO o.a.j.t.JMeterThread: Thread started: 线程组 1-61
2023-04-23 09:39:05,750 INFO o.a.j.t.JMeterThread: Thread started: 线程组 1-62
2023-04-23 09:39:05,760 INFO o.a.j.t.JMeterThread: Thread started: 线程组 1-63
2023-04-23 09:39:05,769 INFO o.a.j.t.JMeterThread: Thread started: 线程组 1-64
2023-04-23 09:39:05,779 INFO o.a.j.t.JMeterThread: Thread started: 线程组 1-65
2023-04-23 09:39:05,789 INFO o.a.j.t.JMeterThread: Thread started: 线程组 1-66
2023-04-23 09:39:05,795 INFO o.a.j.t.JMeterThread: Thread started: 线程组 1-67
2023-04-23 09:39:05,805 INFO o.a.j.t.JMeterThread: Thread started: 线程组 1-68
2023-04-23 09:39:05,820 INFO o.a.j.t.JMeterThread: Thread started: 线程组 1-69
2023-04-23 09:39:05,829 INFO o.a.j.t.JMeterThread: Thread started: 线程组 1-70
2023-04-23 09:39:05,838 INFO o.a.j.t.JMeterThread: Thread started: 线程组 1-71
2023-04-23 09:39:05,849 INFO o.a.j.t.JMeterThread: Thread started: 线程组 1-72
2023-04-23 09:39:05,859 INFO o.a.j.t.JMeterThread: Thread started: 线程组 1-73
2023-04-23 09:39:05,869 INFO o.a.j.t.JMeterThread: Thread started: 线程组 1-74
2023-04-23 09:39:05,878 INFO o.a.j.t.JMeterThread: Thread started: 线程组 1-75
2023-04-23 09:39:05,889 INFO o.a.j.t.JMeterThread: Thread started: 线程组 1-76
2023-04-23 09:39:05,897 INFO o.a.j.t.JMeterThread: Thread started: 线程组 1-77
2023-04-23 09:39:05,909 INFO o.a.j.t.JMeterThread: Thread started: 线程组 1-78
2023-04-23 09:39:05,919 INFO o.a.j.t.JMeterThread: Thread started: 线程组 1-79
2023-04-23 09:39:05,930 INFO o.a.j.t.JMeterThread: Thread started: 线程组 1-80
2023-04-23 09:39:05,936 INFO o.a.j.t.JMeterThread: Thread started: 线程组 1-81
2023-04-23 09:39:05,949 INFO o.a.j.t.JMeterThread: Thread started: 线程组 1-82
2023-04-23 09:39:05,959 INFO o.a.j.t.JMeterThread: Thread started: 线程组 1-83
2023-04-23 09:39:05,969 INFO o.a.j.t.JMeterThread: Thread started: 线程组 1-84
2023-04-23 09:39:05,979 INFO o.a.j.t.JMeterThread: Thread started: 线程组 1-85
2023-04-23 09:39:05,989 INFO o.a.j.t.JMeterThread: Thread started: 线程组 1-86
2023-04-23 09:39:05,996 INFO o.a.j.t.JMeterThread: Thread started: 线程组 1-87
2023-04-23 09:39:06,009 INFO o.a.j.t.JMeterThread: Thread started: 线程组 1-88
2023-04-23 09:39:06,015 INFO o.a.j.t.JMeterThread: Thread started: 线程组 1-89
2023-04-23 09:39:06,025 INFO o.a.j.t.JMeterThread: Thread started: 线程组 1-90
2023-04-23 09:39:06,037 INFO o.a.j.t.JMeterThread: Thread started: 线程组 1-91
2023-04-23 09:39:06,048 INFO o.a.j.t.JMeterThread: Thread started: 线程组 1-92
2023-04-23 09:39:06,056 INFO o.a.j.t.JMeterThread: Thread started: 线程组 1-93
2023-04-23 09:39:06,069 INFO o.a.j.t.JMeterThread: Thread started: 线程组 1-94
2023-04-23 09:39:06,076 INFO o.a.j.t.JMeterThread: Thread started: 线程组 1-95
2023-04-23 09:39:06,085 INFO o.a.j.t.JMeterThread: Thread started: 线程组 1-96
2023-04-23 09:39:06,097 INFO o.a.j.t.JMeterThread: Thread started: 线程组 1-97
2023-04-23 09:39:06,106 INFO o.a.j.t.JMeterThread: Thread started: 线程组 1-98
2023-04-23 09:39:06,118 INFO o.a.j.t.JMeterThread: Thread started: 线程组 1-99
2023-04-23 09:39:06,125 INFO o.a.j.t.JMeterThread: Thread started: 线程组 1-100
2023-04-23 09:40:05,269 INFO o.a.j.t.JMeterThread: Thread is done: 线程组 1-12
2023-04-23 09:40:05,269 INFO o.a.j.t.JMeterThread: Thread finished: 线程组 1-12
2023-04-23 09:40:05,269 INFO o.a.j.t.JMeterThread: Thread is done: 线程组 1-1
2023-04-23 09:40:05,269 INFO o.a.j.t.JMeterThread: Thread is done: 线程组 1-9
2023-04-23 09:40:05,269 INFO o.a.j.t.JMeterThread: Thread is done: 线程组 1-7
2023-04-23 09:40:05,269 INFO o.a.j.t.JMeterThread: Thread is done: 线程组 1-13
2023-04-23 09:40:05,269 INFO o.a.j.t.JMeterThread: Thread finished: 线程组 1-13
2023-04-23 09:40:05,269 INFO o.a.j.t.JMeterThread: Thread is done: 线程组 1-14
2023-04-23 09:40:05,269 INFO o.a.j.t.JMeterThread: Thread finished: 线程组 1-14
2023-04-23 09:40:05,269 INFO o.a.j.t.JMeterThread: Thread is done: 线程组 1-3
2023-04-23 09:40:05,269 INFO o.a.j.t.JMeterThread: Thread finished: 线程组 1-7
2023-04-23 09:40:05,269 INFO o.a.j.t.JMeterThread: Thread is done: 线程组 1-11
2023-04-23 09:40:05,269 INFO o.a.j.t.JMeterThread: Thread finished: 线程组 1-11
2023-04-23 09:40:05,269 INFO o.a.j.t.JMeterThread: Thread finished: 线程组 1-3
2023-04-23 09:40:05,269 INFO o.a.j.t.JMeterThread: Thread finished: 线程组 1-1
2023-04-23 09:40:05,270 INFO o.a.j.t.JMeterThread: Thread is done: 线程组 1-2
2023-04-23 09:40:05,270 INFO o.a.j.t.JMeterThread: Thread finished: 线程组 1-2
2023-04-23 09:40:05,269 INFO o.a.j.t.JMeterThread: Thread is done: 线程组 1-5
2023-04-23 09:40:05,270 INFO o.a.j.t.JMeterThread: Thread finished: 线程组 1-5
2023-04-23 09:40:05,269 INFO o.a.j.t.JMeterThread: Thread is done: 线程组 1-10
2023-04-23 09:40:05,269 INFO o.a.j.t.JMeterThread: Thread finished: 线程组 1-9
2023-04-23 09:40:05,271 INFO o.a.j.t.JMeterThread: Thread finished: 线程组 1-10
2023-04-23 09:40:05,271 INFO o.a.j.t.JMeterThread: Thread is done: 线程组 1-4
2023-04-23 09:40:05,271 INFO o.a.j.t.JMeterThread: Thread finished: 线程组 1-4
2023-04-23 09:40:05,271 INFO o.a.j.t.JMeterThread: Thread is done: 线程组 1-8
2023-04-23 09:40:05,271 INFO o.a.j.t.JMeterThread: Thread finished: 线程组 1-8
2023-04-23 09:40:05,281 INFO o.a.j.t.JMeterThread: Thread is done: 线程组 1-15
2023-04-23 09:40:05,281 INFO o.a.j.t.JMeterThread: Thread finished: 线程组 1-15
2023-04-23 09:40:05,291 INFO o.a.j.t.JMeterThread: Thread is done: 线程组 1-16
2023-04-23 09:40:05,291 INFO o.a.j.t.JMeterThread: Thread finished: 线程组 1-16
2023-04-23 09:40:05,301 INFO o.a.j.t.JMeterThread: Thread is done: 线程组 1-17
2023-04-23 09:40:05,301 INFO o.a.j.t.JMeterThread: Thread finished: 线程组 1-17
2023-04-23 09:40:05,311 INFO o.a.j.t.JMeterThread: Thread is done: 线程组 1-18
2023-04-23 09:40:05,311 INFO o.a.j.t.JMeterThread: Thread finished: 线程组 1-18
2023-04-23 09:40:05,333 INFO o.a.j.t.JMeterThread: Thread is done: 线程组 1-19
2023-04-23 09:40:05,333 INFO o.a.j.t.JMeterThread: Thread finished: 线程组 1-19
2023-04-23 09:40:05,334 INFO o.a.j.t.JMeterThread: Thread is done: 线程组 1-20
2023-04-23 09:40:05,334 INFO o.a.j.t.JMeterThread: Thread finished: 线程组 1-20
2023-04-23 09:40:05,343 INFO o.a.j.t.JMeterThread: Thread is done: 线程组 1-21
2023-04-23 09:40:05,343 INFO o.a.j.t.JMeterThread: Thread finished: 线程组 1-21
2023-04-23 09:40:05,352 INFO o.a.j.t.JMeterThread: Thread is done: 线程组 1-22
2023-04-23 09:40:05,352 INFO o.a.j.t.JMeterThread: Thread finished: 线程组 1-22
2023-04-23 09:40:05,359 INFO o.a.j.t.JMeterThread: Thread is done: 线程组 1-23
2023-04-23 09:40:05,359 INFO o.a.j.t.JMeterThread: Thread finished: 线程组 1-23
2023-04-23 09:40:05,370 INFO o.a.j.t.JMeterThread: Thread is done: 线程组 1-24
2023-04-23 09:40:05,370 INFO o.a.j.t.JMeterThread: Thread finished: 线程组 1-24
2023-04-23 09:40:05,390 INFO o.a.j.t.JMeterThread: Thread is done: 线程组 1-26
2023-04-23 09:40:05,390 INFO o.a.j.t.JMeterThread: Thread is done: 线程组 1-25
2023-04-23 09:40:05,390 INFO o.a.j.t.JMeterThread: Thread finished: 线程组 1-26
2023-04-23 09:40:05,391 INFO o.a.j.t.JMeterThread: Thread finished: 线程组 1-25
2023-04-23 09:40:05,402 INFO o.a.j.t.JMeterThread: Thread is done: 线程组 1-27
2023-04-23 09:40:05,402 INFO o.a.j.t.JMeterThread: Thread finished: 线程组 1-27
2023-04-23 09:40:05,413 INFO o.a.j.t.JMeterThread: Thread is done: 线程组 1-28
2023-04-23 09:40:05,413 INFO o.a.j.t.JMeterThread: Thread finished: 线程组 1-28
2023-04-23 09:40:05,418 INFO o.a.j.t.JMeterThread: Thread is done: 线程组 1-29
2023-04-23 09:40:05,418 INFO o.a.j.t.JMeterThread: Thread finished: 线程组 1-29
2023-04-23 09:40:05,433 INFO o.a.j.t.JMeterThread: Thread is done: 线程组 1-30
2023-04-23 09:40:05,433 INFO o.a.j.t.JMeterThread: Thread finished: 线程组 1-30
2023-04-23 09:40:05,443 INFO o.a.j.t.JMeterThread: Thread is done: 线程组 1-31
2023-04-23 09:40:05,443 INFO o.a.j.t.JMeterThread: Thread finished: 线程组 1-31
2023-04-23 09:40:05,452 INFO o.a.j.t.JMeterThread: Thread is done: 线程组 1-32
2023-04-23 09:40:05,452 INFO o.a.j.t.JMeterThread: Thread finished: 线程组 1-32
2023-04-23 09:40:05,461 INFO o.a.j.t.JMeterThread: Thread is done: 线程组 1-33
2023-04-23 09:40:05,461 INFO o.a.j.t.JMeterThread: Thread finished: 线程组 1-33
2023-04-23 09:40:05,472 INFO o.a.j.t.JMeterThread: Thread is done: 线程组 1-34
2023-04-23 09:40:05,472 INFO o.a.j.t.JMeterThread: Thread finished: 线程组 1-34
2023-04-23 09:40:05,479 INFO o.a.j.t.JMeterThread: Thread is done: 线程组 1-35
2023-04-23 09:40:05,479 INFO o.a.j.t.JMeterThread: Thread finished: 线程组 1-35
2023-04-23 09:40:05,507 INFO o.a.j.t.JMeterThread: Thread is done: 线程组 1-36
2023-04-23 09:40:05,508 INFO o.a.j.t.JMeterThread: Thread finished: 线程组 1-36
2023-04-23 09:40:05,508 INFO o.a.j.t.JMeterThread: Thread is done: 线程组 1-37
2023-04-23 09:40:05,508 INFO o.a.j.t.JMeterThread: Thread finished: 线程组 1-37
2023-04-23 09:40:05,510 INFO o.a.j.t.JMeterThread: Thread is done: 线程组 1-38
2023-04-23 09:40:05,510 INFO o.a.j.t.JMeterThread: Thread finished: 线程组 1-38
2023-04-23 09:40:05,521 INFO o.a.j.t.JMeterThread: Thread is done: 线程组 1-39
2023-04-23 09:40:05,521 INFO o.a.j.t.JMeterThread: Thread finished: 线程组 1-39
2023-04-23 09:40:05,533 INFO o.a.j.t.JMeterThread: Thread is done: 线程组 1-40
2023-04-23 09:40:05,533 INFO o.a.j.t.JMeterThread: Thread finished: 线程组 1-40
2023-04-23 09:40:05,542 INFO o.a.j.t.JMeterThread: Thread is done: 线程组 1-41
2023-04-23 09:40:05,542 INFO o.a.j.t.JMeterThread: Thread finished: 线程组 1-41
2023-04-23 09:40:05,550 INFO o.a.j.t.JMeterThread: Thread is done: 线程组 1-42
2023-04-23 09:40:05,551 INFO o.a.j.t.JMeterThread: Thread finished: 线程组 1-42
2023-04-23 09:40:05,560 INFO o.a.j.t.JMeterThread: Thread is done: 线程组 1-43
2023-04-23 09:40:05,560 INFO o.a.j.t.JMeterThread: Thread finished: 线程组 1-43
2023-04-23 09:40:05,573 INFO o.a.j.t.JMeterThread: Thread is done: 线程组 1-44
2023-04-23 09:40:05,573 INFO o.a.j.t.JMeterThread: Thread finished: 线程组 1-44
2023-04-23 09:40:05,580 INFO o.a.j.t.JMeterThread: Thread is done: 线程组 1-45
2023-04-23 09:40:05,580 INFO o.a.j.t.JMeterThread: Thread finished: 线程组 1-45
2023-04-23 09:40:05,590 INFO o.a.j.t.JMeterThread: Thread is done: 线程组 1-46
2023-04-23 09:40:05,590 INFO o.a.j.t.JMeterThread: Thread finished: 线程组 1-46
2023-04-23 09:40:05,602 INFO o.a.j.t.JMeterThread: Thread is done: 线程组 1-47
2023-04-23 09:40:05,602 INFO o.a.j.t.JMeterThread: Thread finished: 线程组 1-47
2023-04-23 09:40:05,609 INFO o.a.j.t.JMeterThread: Thread is done: 线程组 1-48
2023-04-23 09:40:05,609 INFO o.a.j.t.JMeterThread: Thread finished: 线程组 1-48
2023-04-23 09:40:05,624 INFO o.a.j.t.JMeterThread: Thread is done: 线程组 1-49
2023-04-23 09:40:05,624 INFO o.a.j.t.JMeterThread: Thread finished: 线程组 1-49
2023-04-23 09:40:05,630 INFO o.a.j.t.JMeterThread: Thread is done: 线程组 1-50
2023-04-23 09:40:05,630 INFO o.a.j.t.JMeterThread: Thread finished: 线程组 1-50
2023-04-23 09:40:05,639 INFO o.a.j.t.JMeterThread: Thread is done: 线程组 1-51
2023-04-23 09:40:05,639 INFO o.a.j.t.JMeterThread: Thread finished: 线程组 1-51
2023-04-23 09:40:05,650 INFO o.a.j.t.JMeterThread: Thread is done: 线程组 1-52
2023-04-23 09:40:05,650 INFO o.a.j.t.JMeterThread: Thread finished: 线程组 1-52
2023-04-23 09:40:05,661 INFO o.a.j.t.JMeterThread: Thread is done: 线程组 1-53
2023-04-23 09:40:05,661 INFO o.a.j.t.JMeterThread: Thread finished: 线程组 1-53
2023-04-23 09:40:05,672 INFO o.a.j.t.JMeterThread: Thread is done: 线程组 1-54
2023-04-23 09:40:05,672 INFO o.a.j.t.JMeterThread: Thread finished: 线程组 1-54
2023-04-23 09:40:05,679 INFO o.a.j.t.JMeterThread: Thread is done: 线程组 1-55
2023-04-23 09:40:05,679 INFO o.a.j.t.JMeterThread: Thread finished: 线程组 1-55
2023-04-23 09:40:05,693 INFO o.a.j.t.JMeterThread: Thread is done: 线程组 1-56
2023-04-23 09:40:05,693 INFO o.a.j.t.JMeterThread: Thread finished: 线程组 1-56
2023-04-23 09:40:05,703 INFO o.a.j.t.JMeterThread: Thread is done: 线程组 1-57
2023-04-23 09:40:05,703 INFO o.a.j.t.JMeterThread: Thread finished: 线程组 1-57
2023-04-23 09:40:05,710 INFO o.a.j.t.JMeterThread: Thread is done: 线程组 1-58
2023-04-23 09:40:05,710 INFO o.a.j.t.JMeterThread: Thread finished: 线程组 1-58
2023-04-23 09:40:05,720 INFO o.a.j.t.JMeterThread: Thread is done: 线程组 1-59
2023-04-23 09:40:05,721 INFO o.a.j.t.JMeterThread: Thread finished: 线程组 1-59
2023-04-23 09:40:05,731 INFO o.a.j.t.JMeterThread: Thread is done: 线程组 1-60
2023-04-23 09:40:05,731 INFO o.a.j.t.JMeterThread: Thread finished: 线程组 1-60
2023-04-23 09:40:05,737 INFO o.a.j.t.JMeterThread: Thread is done: 线程组 1-61
2023-04-23 09:40:05,737 INFO o.a.j.t.JMeterThread: Thread finished: 线程组 1-61
2023-04-23 09:40:05,753 INFO o.a.j.t.JMeterThread: Thread is done: 线程组 1-62
2023-04-23 09:40:05,753 INFO o.a.j.t.JMeterThread: Thread finished: 线程组 1-62
2023-04-23 09:40:05,762 INFO o.a.j.t.JMeterThread: Thread is done: 线程组 1-63
2023-04-23 09:40:05,762 INFO o.a.j.t.JMeterThread: Thread finished: 线程组 1-63
2023-04-23 09:40:05,775 INFO o.a.j.t.JMeterThread: Thread is done: 线程组 1-64
2023-04-23 09:40:05,775 INFO o.a.j.t.JMeterThread: Thread finished: 线程组 1-64
2023-04-23 09:40:05,781 INFO o.a.j.t.JMeterThread: Thread is done: 线程组 1-65
2023-04-23 09:40:05,781 INFO o.a.j.t.JMeterThread: Thread finished: 线程组 1-65
2023-04-23 09:40:05,791 INFO o.a.j.t.JMeterThread: Thread is done: 线程组 1-66
2023-04-23 09:40:05,791 INFO o.a.j.t.JMeterThread: Thread finished: 线程组 1-66
2023-04-23 09:40:05,797 INFO o.a.j.t.JMeterThread: Thread is done: 线程组 1-67
2023-04-23 09:40:05,797 INFO o.a.j.t.JMeterThread: Thread finished: 线程组 1-67
2023-04-23 09:40:05,808 INFO o.a.j.t.JMeterThread: Thread is done: 线程组 1-68
2023-04-23 09:40:05,808 INFO o.a.j.t.JMeterThread: Thread finished: 线程组 1-68
2023-04-23 09:40:05,823 INFO o.a.j.t.JMeterThread: Thread is done: 线程组 1-69
2023-04-23 09:40:05,823 INFO o.a.j.t.JMeterThread: Thread finished: 线程组 1-69
2023-04-23 09:40:05,833 INFO o.a.j.t.JMeterThread: Thread is done: 线程组 1-70
2023-04-23 09:40:05,833 INFO o.a.j.t.JMeterThread: Thread finished: 线程组 1-70
2023-04-23 09:40:05,843 INFO o.a.j.t.JMeterThread: Thread is done: 线程组 1-71
2023-04-23 09:40:05,843 INFO o.a.j.t.JMeterThread: Thread finished: 线程组 1-71
2023-04-23 09:40:05,852 INFO o.a.j.t.JMeterThread: Thread is done: 线程组 1-72
2023-04-23 09:40:05,852 INFO o.a.j.t.JMeterThread: Thread finished: 线程组 1-72
2023-04-23 09:40:05,861 INFO o.a.j.t.JMeterThread: Thread is done: 线程组 1-73
2023-04-23 09:40:05,861 INFO o.a.j.t.JMeterThread: Thread finished: 线程组 1-73
2023-04-23 09:40:05,871 INFO o.a.j.t.JMeterThread: Thread is done: 线程组 1-74
2023-04-23 09:40:05,871 INFO o.a.j.t.JMeterThread: Thread finished: 线程组 1-74
2023-04-23 09:40:05,881 INFO o.a.j.t.JMeterThread: Thread is done: 线程组 1-75
2023-04-23 09:40:05,881 INFO o.a.j.t.JMeterThread: Thread finished: 线程组 1-75
2023-04-23 09:40:05,892 INFO o.a.j.t.JMeterThread: Thread is done: 线程组 1-76
2023-04-23 09:40:05,892 INFO o.a.j.t.JMeterThread: Thread finished: 线程组 1-76
2023-04-23 09:40:05,900 INFO o.a.j.t.JMeterThread: Thread is done: 线程组 1-77
2023-04-23 09:40:05,900 INFO o.a.j.t.JMeterThread: Thread finished: 线程组 1-77
2023-04-23 09:40:05,912 INFO o.a.j.t.JMeterThread: Thread is done: 线程组 1-78
2023-04-23 09:40:05,912 INFO o.a.j.t.JMeterThread: Thread finished: 线程组 1-78
2023-04-23 09:40:05,922 INFO o.a.j.t.JMeterThread: Thread is done: 线程组 1-79
2023-04-23 09:40:05,922 INFO o.a.j.t.JMeterThread: Thread finished: 线程组 1-79
2023-04-23 09:40:05,932 INFO o.a.j.t.JMeterThread: Thread is done: 线程组 1-80
2023-04-23 09:40:05,933 INFO o.a.j.t.JMeterThread: Thread finished: 线程组 1-80
2023-04-23 09:40:05,939 INFO o.a.j.t.JMeterThread: Thread is done: 线程组 1-81
2023-04-23 09:40:05,939 INFO o.a.j.t.JMeterThread: Thread finished: 线程组 1-81
2023-04-23 09:40:05,951 INFO o.a.j.t.JMeterThread: Thread is done: 线程组 1-82
2023-04-23 09:40:05,951 INFO o.a.j.t.JMeterThread: Thread finished: 线程组 1-82
2023-04-23 09:40:05,963 INFO o.a.j.t.JMeterThread: Thread is done: 线程组 1-83
2023-04-23 09:40:05,963 INFO o.a.j.t.JMeterThread: Thread finished: 线程组 1-83
2023-04-23 09:40:05,971 INFO o.a.j.t.JMeterThread: Thread is done: 线程组 1-84
2023-04-23 09:40:05,971 INFO o.a.j.t.JMeterThread: Thread finished: 线程组 1-84
2023-04-23 09:40:05,982 INFO o.a.j.t.JMeterThread: Thread is done: 线程组 1-85
2023-04-23 09:40:05,982 INFO o.a.j.t.JMeterThread: Thread finished: 线程组 1-85
2023-04-23 09:40:05,992 INFO o.a.j.t.JMeterThread: Thread is done: 线程组 1-86
2023-04-23 09:40:05,992 INFO o.a.j.t.JMeterThread: Thread finished: 线程组 1-86
2023-04-23 09:40:05,998 INFO o.a.j.t.JMeterThread: Thread is done: 线程组 1-87
2023-04-23 09:40:05,998 INFO o.a.j.t.JMeterThread: Thread finished: 线程组 1-87
2023-04-23 09:40:06,019 INFO o.a.j.t.JMeterThread: Thread is done: 线程组 1-88
2023-04-23 09:40:06,019 INFO o.a.j.t.JMeterThread: Thread is done: 线程组 1-89
2023-04-23 09:40:06,019 INFO o.a.j.t.JMeterThread: Thread finished: 线程组 1-88
2023-04-23 09:40:06,019 INFO o.a.j.t.JMeterThread: Thread finished: 线程组 1-89
2023-04-23 09:40:06,027 INFO o.a.j.t.JMeterThread: Thread is done: 线程组 1-90
2023-04-23 09:40:06,028 INFO o.a.j.t.JMeterThread: Thread finished: 线程组 1-90
2023-04-23 09:40:06,040 INFO o.a.j.t.JMeterThread: Thread is done: 线程组 1-91
2023-04-23 09:40:06,040 INFO o.a.j.t.JMeterThread: Thread finished: 线程组 1-91
2023-04-23 09:40:06,052 INFO o.a.j.t.JMeterThread: Thread is done: 线程组 1-92
2023-04-23 09:40:06,052 INFO o.a.j.t.JMeterThread: Thread finished: 线程组 1-92
2023-04-23 09:40:06,059 INFO o.a.j.t.JMeterThread: Thread is done: 线程组 1-93
2023-04-23 09:40:06,059 INFO o.a.j.t.JMeterThread: Thread finished: 线程组 1-93
2023-04-23 09:40:06,072 INFO o.a.j.t.JMeterThread: Thread is done: 线程组 1-94
2023-04-23 09:40:06,072 INFO o.a.j.t.JMeterThread: Thread finished: 线程组 1-94
2023-04-23 09:40:06,090 INFO o.a.j.t.JMeterThread: Thread is done: 线程组 1-95
2023-04-23 09:40:06,090 INFO o.a.j.t.JMeterThread: Thread finished: 线程组 1-95
2023-04-23 09:40:06,090 INFO o.a.j.t.JMeterThread: Thread is done: 线程组 1-96
2023-04-23 09:40:06,090 INFO o.a.j.t.JMeterThread: Thread finished: 线程组 1-96
2023-04-23 09:40:06,100 INFO o.a.j.t.JMeterThread: Thread is done: 线程组 1-97
2023-04-23 09:40:06,100 INFO o.a.j.t.JMeterThread: Thread finished: 线程组 1-97
2023-04-23 09:40:06,108 INFO o.a.j.t.JMeterThread: Thread is done: 线程组 1-98
2023-04-23 09:40:06,108 INFO o.a.j.t.JMeterThread: Thread finished: 线程组 1-98
2023-04-23 09:40:06,122 INFO o.a.j.t.JMeterThread: Thread is done: 线程组 1-99
2023-04-23 09:40:06,122 INFO o.a.j.t.JMeterThread: Thread finished: 线程组 1-99
2023-04-23 09:40:06,127 INFO o.a.j.t.JMeterThread: Thread is done: 线程组 1-100
2023-04-23 09:40:06,128 INFO o.a.j.t.JMeterThread: Thread finished: 线程组 1-100
2023-04-23 09:40:23,085 INFO o.a.j.t.JMeterThread: Thread is done: 线程组 1-6
2023-04-23 09:40:23,086 INFO o.a.j.t.JMeterThread: Thread finished: 线程组 1-6
2023-04-23 09:40:23,086 INFO o.a.j.e.StandardJMeterEngine: Notifying test listeners of end of test
2023-04-23 09:40:23,086 INFO o.a.j.g.u.JMeterMenuBar: setRunning(false, *local*)
